#
# There is insufficient memory for the Java Runtime Environment to continue.
# Native memory allocation (malloc) failed to allocate 1051376 bytes for Chunk::new
# Possible reasons:
#   The system is out of physical RAM or swap space
#   The process is running with CompressedOops enabled, and the Java Heap may be blocking the growth of the native heap
# Possible solutions:
#   Reduce memory load on the system
#   Increase physical memory or swap space
#   Check if swap backing store is full
#   Decrease Java heap size (-Xmx/-Xms)
#   Decrease number of Java threads
#   Decrease Java thread stack sizes (-Xss)
#   Set larger code cache with -XX:ReservedCodeCacheSize=
#   JVM is running with Unscaled Compressed Oops mode in which the Java heap is
#     placed in the first 4GB address space. The Java Heap base address is the
#     maximum limit for the native heap growth. Please use -XX:HeapBaseMinAddress
#     to set the Java Heap base and to place the Java Heap above 4GB virtual address.
# This output file may be truncated or incomplete.
#
#  Out of Memory Error (./src/hotspot/share/memory/arena.cpp:197), pid=13624, tid=21324
#
# JRE version: OpenJDK Runtime Environment (11.0.10) (build 11.0.10+0-b96-7249189)
# Java VM: OpenJDK 64-Bit Server VM (11.0.10+0-b96-7249189, mixed mode, tiered, compressed oops, g1 gc, windows-amd64)
# No core dump will be written. Minidumps are not enabled by default on client versions of Windows
#

---------------  S U M M A R Y ------------

Command Line: --add-opens=java.base/java.util=ALL-UNNAMED --add-opens=java.base/java.lang=ALL-UNNAMED --add-opens=java.base/java.lang.invoke=ALL-UNNAMED --add-opens=java.base/java.util=ALL-UNNAMED --add-opens=java.prefs/java.util.prefs=ALL-UNNAMED --add-opens=java.prefs/java.util.prefs=ALL-UNNAMED --add-opens=java.base/java.nio.charset=ALL-UNNAMED --add-opens=java.base/java.net=ALL-UNNAMED --add-opens=java.base/java.util.concurrent.atomic=ALL-UNNAMED -Xmx1536M -Dfile.encoding=windows-1252 -Duser.country=US -Duser.language=en -Duser.variant org.gradle.launcher.daemon.bootstrap.GradleDaemon 7.0.2

Host: Intel(R) Core(TM) i5-10210U CPU @ 1.60GHz, 8 cores, 7G,  Windows 10 , 64 bit Build 22000 (10.0.22000.708)
Time: Sun Aug 14 22:06:15 2022 India Standard Time elapsed time: 174.850372 seconds (0d 0h 2m 54s)

---------------  T H R E A D  ---------------

Current thread (0x000002a47bd3b000):  JavaThread "C2 CompilerThread0" daemon [_thread_in_native, id=21324, stack(0x000000fe38000000,0x000000fe38100000)]


Current CompileTask:
C2: 174851 10211       4       java.lang.reflect.AccessibleObject::checkCanSetAccessible (386 bytes)

Stack: [0x000000fe38000000,0x000000fe38100000]
Native frames: (J=compiled Java code, j=interpreted, Vv=VM code, C=native code)
V  [jvm.dll+0x5ecfaa]
V  [jvm.dll+0x722bd5]
V  [jvm.dll+0x72412d]
V  [jvm.dll+0x7247e3]
V  [jvm.dll+0x242928]
V  [jvm.dll+0xbc4fc]
V  [jvm.dll+0xbca0c]
V  [jvm.dll+0x352d3b]
V  [jvm.dll+0x197e0c]
V  [jvm.dll+0x1fb70e]
V  [jvm.dll+0x1fa7f4]
V  [jvm.dll+0x18354c]
V  [jvm.dll+0x208ee7]
V  [jvm.dll+0x207731]
V  [jvm.dll+0x6eb1cf]
V  [jvm.dll+0x6e3d45]
V  [jvm.dll+0x5ebe96]
C  [ucrtbase.dll+0x26c0c]
C  [KERNEL32.DLL+0x154e0]
C  [ntdll.dll+0x485b]


---------------  P R O C E S S  ---------------

Threads class SMR info:
_java_thread_list=0x000002a402ebcbd0, length=62, elements={
0x000002a4602c0800, 0x000002a47b390800, 0x000002a47b393800, 0x000002a47bd33800,
0x000002a47bd36800, 0x000002a47bd3a000, 0x000002a47bd3b000, 0x000002a47bd3f800,
0x000002a47bd96000, 0x000002a47be90800, 0x000002a47cd35000, 0x000002a47cbae800,
0x000002a47c8de800, 0x000002a47d46b800, 0x000002a47c804800, 0x000002a47dbcf800,
0x000002a47c805000, 0x000002a47c78c000, 0x000002a47c872800, 0x000002a47c874000,
0x000002a47c873000, 0x000002a47c871000, 0x000002a47c870000, 0x000002a47c875000,
0x000002a47c876800, 0x000002a47c871800, 0x000002a47e584800, 0x000002a47e586800,
0x000002a47e588000, 0x000002a47e582000, 0x000002a47e587000, 0x000002a47e584000,
0x000002a47e583000, 0x000002a47e58d800, 0x000002a47e58a800, 0x000002a47e58b000,
0x000002a47e58d000, 0x000002a47e58e800, 0x000002a47e58c000, 0x000002a47e58f800,
0x000002a47e589800, 0x000002a47e590000, 0x000002a47e591000, 0x000002a4000f1000,
0x000002a4000f3800, 0x000002a4000f4000, 0x000002a4000f0000, 0x000002a4000f6000,
0x000002a4000f6800, 0x000002a4000f5000, 0x000002a4000f7800, 0x000002a4000f2800,
0x000002a4000ff000, 0x000002a4000fc800, 0x000002a4000fa000, 0x000002a4000f9000,
0x000002a4000fd000, 0x000002a4000fe000, 0x000002a4000fa800, 0x000002a4000fb800,
0x000002a403e1d800, 0x000002a403e19800
}

Java Threads: ( => current thread )
  0x000002a4602c0800 JavaThread "main" [_thread_blocked, id=23260, stack(0x000000fe37400000,0x000000fe37500000)]
  0x000002a47b390800 JavaThread "Reference Handler" daemon [_thread_blocked, id=14980, stack(0x000000fe37b00000,0x000000fe37c00000)]
  0x000002a47b393800 JavaThread "Finalizer" daemon [_thread_blocked, id=24264, stack(0x000000fe37c00000,0x000000fe37d00000)]
  0x000002a47bd33800 JavaThread "Signal Dispatcher" daemon [_thread_blocked, id=17052, stack(0x000000fe37d00000,0x000000fe37e00000)]
  0x000002a47bd36800 JavaThread "Attach Listener" daemon [_thread_blocked, id=15992, stack(0x000000fe37e00000,0x000000fe37f00000)]
  0x000002a47bd3a000 JavaThread "Service Thread" daemon [_thread_blocked, id=17080, stack(0x000000fe37f00000,0x000000fe38000000)]
=>0x000002a47bd3b000 JavaThread "C2 CompilerThread0" daemon [_thread_in_native, id=21324, stack(0x000000fe38000000,0x000000fe38100000)]
  0x000002a47bd3f800 JavaThread "C1 CompilerThread0" daemon [_thread_blocked, id=10888, stack(0x000000fe38100000,0x000000fe38200000)]
  0x000002a47bd96000 JavaThread "Sweeper thread" daemon [_thread_blocked, id=17756, stack(0x000000fe38200000,0x000000fe38300000)]
  0x000002a47be90800 JavaThread "Common-Cleaner" daemon [_thread_blocked, id=2488, stack(0x000000fe38300000,0x000000fe38400000)]
  0x000002a47cd35000 JavaThread "Daemon health stats" [_thread_blocked, id=1444, stack(0x000000fe38700000,0x000000fe38800000)]
  0x000002a47cbae800 JavaThread "Incoming local TCP Connector on port 53155" [_thread_in_native, id=19144, stack(0x000000fe38800000,0x000000fe38900000)]
  0x000002a47c8de800 JavaThread "Daemon periodic checks" [_thread_blocked, id=17532, stack(0x000000fe38900000,0x000000fe38a00000)]
  0x000002a47d46b800 JavaThread "Daemon" [_thread_blocked, id=5444, stack(0x000000fe38a00000,0x000000fe38b00000)]
  0x000002a47c804800 JavaThread "Handler for socket connection from /127.0.0.1:53155 to /127.0.0.1:53160" [_thread_in_native, id=9700, stack(0x000000fe38b00000,0x000000fe38c00000)]
  0x000002a47dbcf800 JavaThread "Cancel handler" [_thread_blocked, id=23380, stack(0x000000fe38c00000,0x000000fe38d00000)]
  0x000002a47c805000 JavaThread "Daemon worker" [_thread_blocked, id=15896, stack(0x000000fe38d00000,0x000000fe38e00000)]
  0x000002a47c78c000 JavaThread "Asynchronous log dispatcher for DefaultDaemonConnection: socket connection from /127.0.0.1:53155 to /127.0.0.1:53160" [_thread_blocked, id=9696, stack(0x000000fe38e00000,0x000000fe38f00000)]
  0x000002a47c872800 JavaThread "Daemon client event forwarder" [_thread_blocked, id=14740, stack(0x000000fe39000000,0x000000fe39100000)]
  0x000002a47c874000 JavaThread "Cache worker for file hash cache (C:\Users\Lenovo\.gradle\caches\7.0.2\fileHashes)" [_thread_blocked, id=2396, stack(0x000000fe39600000,0x000000fe39700000)]
  0x000002a47c873000 JavaThread "File lock request listener" [_thread_in_native, id=6720, stack(0x000000fe39700000,0x000000fe39800000)]
  0x000002a47c871000 JavaThread "Cache worker for journal cache (C:\Users\Lenovo\.gradle\caches\journal-1)" [_thread_blocked, id=14736, stack(0x000000fe39900000,0x000000fe39a00000)]
  0x000002a47c870000 JavaThread "Cache worker for file hash cache (C:\Users\Lenovo\Desktop\Resume\assessment_matchX-main\android\.gradle\7.0.2\fileHashes)" [_thread_blocked, id=15984, stack(0x000000fe39a00000,0x000000fe39b00000)]
  0x000002a47c875000 JavaThread "File watcher server" daemon [_thread_in_native, id=19192, stack(0x000000fe39b00000,0x000000fe39c00000)]
  0x000002a47c876800 JavaThread "File watcher consumer" daemon [_thread_blocked, id=3660, stack(0x000000fe39d00000,0x000000fe39e00000)]
  0x000002a47c871800 JavaThread "Cache worker for checksums cache (C:\Users\Lenovo\Desktop\Resume\assessment_matchX-main\android\.gradle\checksums)" [_thread_blocked, id=17340, stack(0x000000fe39e00000,0x000000fe39f00000)]
  0x000002a47e584800 JavaThread "Cache worker for cache directory md-supplier (C:\Users\Lenovo\.gradle\caches\7.0.2\md-supplier)" [_thread_blocked, id=20328, stack(0x000000fe39f00000,0x000000fe3a000000)]
  0x000002a47e586800 JavaThread "Cache worker for cache directory md-rule (C:\Users\Lenovo\.gradle\caches\7.0.2\md-rule)" [_thread_blocked, id=19092, stack(0x000000fe3a000000,0x000000fe3a100000)]
  0x000002a47e588000 JavaThread "Cache worker for execution history cache (C:\Users\Lenovo\.gradle\caches\7.0.2\executionHistory)" [_thread_blocked, id=12236, stack(0x000000fe3a100000,0x000000fe3a200000)]
  0x000002a47e582000 JavaThread "jar transforms" [_thread_blocked, id=12876, stack(0x000000fe3a200000,0x000000fe3a300000)]
  0x000002a47e587000 JavaThread "jar transforms Thread 2" [_thread_blocked, id=24540, stack(0x000000fe3a300000,0x000000fe3a400000)]
  0x000002a47e584000 JavaThread "Cache worker for file content cache (C:\Users\Lenovo\.gradle\caches\7.0.2\fileContent)" [_thread_blocked, id=18848, stack(0x000000fe3a400000,0x000000fe3a500000)]
  0x000002a47e583000 JavaThread "jar transforms Thread 3" [_thread_blocked, id=17576, stack(0x000000fe3a500000,0x000000fe3a600000)]
  0x000002a47e58d800 JavaThread "jar transforms Thread 4" [_thread_blocked, id=15776, stack(0x000000fe3a600000,0x000000fe3a700000)]
  0x000002a47e58a800 JavaThread "Cache worker for dependencies-accessors (C:\Users\Lenovo\Desktop\Resume\assessment_matchX-main\android\.gradle\7.0.2\dependencies-accessors)" [_thread_blocked, id=10520, stack(0x000000fe3a700000,0x000000fe3a800000)]
  0x000002a47e58b000 JavaThread "jar transforms Thread 5" [_thread_blocked, id=1672, stack(0x000000fe3a800000,0x000000fe3a900000)]
  0x000002a47e58d000 JavaThread "Cache worker for Build Output Cleanup Cache (C:\Users\Lenovo\Desktop\Resume\assessment_matchX-main\android\.gradle\buildOutputCleanup)" [_thread_blocked, id=5736, stack(0x000000fe37200000,0x000000fe37300000)]
  0x000002a47e58e800 JavaThread "File lock release action executor Thread 2" [_thread_blocked, id=20624, stack(0x000000fe3a900000,0x000000fe3aa00000)]
  0x000002a47e58c000 JavaThread "Build operations" [_thread_blocked, id=17664, stack(0x000000fe3ac00000,0x000000fe3ad00000)]
  0x000002a47e58f800 JavaThread "Build operations Thread 2" [_thread_blocked, id=21484, stack(0x000000fe3ad00000,0x000000fe3ae00000)]
  0x000002a47e589800 JavaThread "Build operations Thread 3" [_thread_blocked, id=24024, stack(0x000000fe3ae00000,0x000000fe3af00000)]
  0x000002a47e590000 JavaThread "Build operations Thread 4" [_thread_blocked, id=21512, stack(0x000000fe3af00000,0x000000fe3b000000)]
  0x000002a47e591000 JavaThread "Build operations Thread 5" [_thread_blocked, id=20640, stack(0x000000fe3b000000,0x000000fe3b100000)]
  0x000002a4000f1000 JavaThread "Build operations Thread 6" [_thread_blocked, id=18504, stack(0x000000fe3b100000,0x000000fe3b200000)]
  0x000002a4000f3800 JavaThread "Build operations Thread 7" [_thread_blocked, id=10384, stack(0x000000fe3b200000,0x000000fe3b300000)]
  0x000002a4000f4000 JavaThread "Build operations Thread 8" [_thread_blocked, id=16016, stack(0x000000fe3b300000,0x000000fe3b400000)]
  0x000002a4000f0000 JavaThread "jar transforms Thread 6" [_thread_blocked, id=17336, stack(0x000000fe3b400000,0x000000fe3b500000)]
  0x000002a4000f6000 JavaThread "jar transforms Thread 7" [_thread_blocked, id=20556, stack(0x000000fe3b500000,0x000000fe3b600000)]
  0x000002a4000f6800 JavaThread "jar transforms Thread 8" [_thread_blocked, id=13972, stack(0x000000fe3b600000,0x000000fe3b700000)]
  0x000002a4000f5000 JavaThread "Memory manager" [_thread_blocked, id=7992, stack(0x000000fe3b700000,0x000000fe3b800000)]
  0x000002a4000f7800 JavaThread "build event listener" [_thread_blocked, id=19348, stack(0x000000fe37100000,0x000000fe37200000)]
  0x000002a4000f2800 JavaThread "Execution worker for ':'" [_thread_blocked, id=15996, stack(0x000000fe37300000,0x000000fe37400000)]
  0x000002a4000ff000 JavaThread "Execution worker for ':' Thread 2" [_thread_blocked, id=10512, stack(0x000000fe38f00000,0x000000fe39000000)]
  0x000002a4000fc800 JavaThread "Execution worker for ':' Thread 3" [_thread_blocked, id=2976, stack(0x000000fe3aa00000,0x000000fe3ab00000)]
  0x000002a4000fa000 JavaThread "Execution worker for ':' Thread 4" [_thread_blocked, id=21280, stack(0x000000fe3b800000,0x000000fe3b900000)]
  0x000002a4000f9000 JavaThread "Execution worker for ':' Thread 5" [_thread_blocked, id=9188, stack(0x000000fe3b900000,0x000000fe3ba00000)]
  0x000002a4000fd000 JavaThread "Execution worker for ':' Thread 6" [_thread_blocked, id=15180, stack(0x000000fe3ba00000,0x000000fe3bb00000)]
  0x000002a4000fe000 JavaThread "Execution worker for ':' Thread 7" [_thread_blocked, id=21660, stack(0x000000fe3bb00000,0x000000fe3bc00000)]
  0x000002a4000fa800 JavaThread "Cache worker for execution history cache (C:\Users\Lenovo\Desktop\Resume\assessment_matchX-main\android\.gradle\7.0.2\executionHistory)" [_thread_blocked, id=16240, stack(0x000000fe3bc00000,0x000000fe3bd00000)]
  0x000002a4000fb800 JavaThread "Exec process" [_thread_in_native, id=21468, stack(0x000000fe3bd00000,0x000000fe3be00000)]
  0x000002a403e1d800 JavaThread "Exec process Thread 2" [_thread_in_Java, id=21960, stack(0x000000fe3be00000,0x000000fe3bf00000)]
  0x000002a403e19800 JavaThread "Exec process Thread 3" [_thread_in_native, id=6348, stack(0x000000fe3bf00000,0x000000fe3c000000)]

Other Threads:
  0x000002a47b38b000 VMThread "VM Thread" [stack: 0x000000fe37a00000,0x000000fe37b00000] [id=20320]
  0x000002a47beb3800 WatcherThread [stack: 0x000000fe38400000,0x000000fe38500000] [id=10724]
  0x000002a4602db800 GCTaskThread "GC Thread#0" [stack: 0x000000fe37500000,0x000000fe37600000] [id=20932]
  0x000002a47c857000 GCTaskThread "GC Thread#1" [stack: 0x000000fe38500000,0x000000fe38600000] [id=17912]
  0x000002a47c42d000 GCTaskThread "GC Thread#2" [stack: 0x000000fe38600000,0x000000fe38700000] [id=16604]
  0x000002a47c04d000 GCTaskThread "GC Thread#3" [stack: 0x000000fe39100000,0x000000fe39200000] [id=16068]
  0x000002a47be24800 GCTaskThread "GC Thread#4" [stack: 0x000000fe39200000,0x000000fe39300000] [id=15376]
  0x000002a47c87f000 GCTaskThread "GC Thread#5" [stack: 0x000000fe39300000,0x000000fe39400000] [id=11784]
  0x000002a47c175800 GCTaskThread "GC Thread#6" [stack: 0x000000fe39400000,0x000000fe39500000] [id=12552]
  0x000002a47ce6e800 GCTaskThread "GC Thread#7" [stack: 0x000000fe39500000,0x000000fe39600000] [id=23188]
  0x000002a460301000 ConcurrentGCThread "G1 Main Marker" [stack: 0x000000fe37600000,0x000000fe37700000] [id=23936]
  0x000002a460303800 ConcurrentGCThread "G1 Conc#0" [stack: 0x000000fe37700000,0x000000fe37800000] [id=1504]
  0x000002a47d088800 ConcurrentGCThread "G1 Conc#1" [stack: 0x000000fe39800000,0x000000fe39900000] [id=17816]
  0x000002a47b200800 ConcurrentGCThread "G1 Refine#0" [stack: 0x000000fe37800000,0x000000fe37900000] [id=3896]
  0x000002a47b201800 ConcurrentGCThread "G1 Young RemSet Sampling" [stack: 0x000000fe37900000,0x000000fe37a00000] [id=24012]

Threads with active compile tasks:
C2 CompilerThread0 174933 10211       4       java.lang.reflect.AccessibleObject::checkCanSetAccessible (386 bytes)

VM state:not at safepoint (normal execution)

VM Mutex/Monitor currently owned by a thread: None

Heap address: 0x00000000a0000000, size: 1536 MB, Compressed Oops mode: 32-bit
Narrow klass base: 0x0000000000000000, Narrow klass shift: 3
Compressed class space size: 1073741824 Address: 0x0000000100000000

Heap:
 garbage-first heap   total 129024K, used 102358K [0x00000000a0000000, 0x0000000100000000)
  region size 1024K, 14 young (14336K), 2 survivors (2048K)
 Metaspace       used 86179K, capacity 88811K, committed 89088K, reserved 1126400K
  class space    used 11317K, capacity 12237K, committed 12288K, reserved 1048576K
Heap Regions: E=young(eden), S=young(survivor), O=old, HS=humongous(starts), HC=humongous(continues), CS=collection set, F=free, A=archive, TAMS=top-at-mark-start (previous, next)
|   0|0x00000000a0000000, 0x00000000a0100000, 0x00000000a0100000|100%| O|  |TAMS 0x00000000a0100000, 0x00000000a0000000| Untracked 
|   1|0x00000000a0100000, 0x00000000a0200000, 0x00000000a0200000|100%| O|  |TAMS 0x00000000a0200000, 0x00000000a0100000| Untracked 
|   2|0x00000000a0200000, 0x00000000a0300000, 0x00000000a0300000|100%| O|  |TAMS 0x00000000a0300000, 0x00000000a0200000| Untracked 
|   3|0x00000000a0300000, 0x00000000a0400000, 0x00000000a0400000|100%|HS|  |TAMS 0x00000000a0400000, 0x00000000a0300000| Complete 
|   4|0x00000000a0400000, 0x00000000a0500000, 0x00000000a0500000|100%|HC|  |TAMS 0x00000000a0500000, 0x00000000a0400000| Complete 
|   5|0x00000000a0500000, 0x00000000a0600000, 0x00000000a0600000|100%|HC|  |TAMS 0x00000000a0600000, 0x00000000a0500000| Complete 
|   6|0x00000000a0600000, 0x00000000a0700000, 0x00000000a0700000|100%| O|  |TAMS 0x00000000a0700000, 0x00000000a0600000| Untracked 
|   7|0x00000000a0700000, 0x00000000a0800000, 0x00000000a0800000|100%| O|  |TAMS 0x00000000a0800000, 0x00000000a0700000| Untracked 
|   8|0x00000000a0800000, 0x00000000a0900000, 0x00000000a0900000|100%| O|  |TAMS 0x00000000a0900000, 0x00000000a0800000| Untracked 
|   9|0x00000000a0900000, 0x00000000a0a00000, 0x00000000a0a00000|100%| O|  |TAMS 0x00000000a0a00000, 0x00000000a0900000| Untracked 
|  10|0x00000000a0a00000, 0x00000000a0b00000, 0x00000000a0b00000|100%| O|  |TAMS 0x00000000a0b00000, 0x00000000a0a00000| Untracked 
|  11|0x00000000a0b00000, 0x00000000a0c00000, 0x00000000a0c00000|100%| O|  |TAMS 0x00000000a0c00000, 0x00000000a0b00000| Untracked 
|  12|0x00000000a0c00000, 0x00000000a0d00000, 0x00000000a0d00000|100%| O|  |TAMS 0x00000000a0d00000, 0x00000000a0c00000| Untracked 
|  13|0x00000000a0d00000, 0x00000000a0e00000, 0x00000000a0e00000|100%| O|  |TAMS 0x00000000a0e00000, 0x00000000a0d00000| Untracked 
|  14|0x00000000a0e00000, 0x00000000a0f00000, 0x00000000a0f00000|100%| O|  |TAMS 0x00000000a0f00000, 0x00000000a0e00000| Untracked 
|  15|0x00000000a0f00000, 0x00000000a1000000, 0x00000000a1000000|100%| O|  |TAMS 0x00000000a1000000, 0x00000000a0f00000| Untracked 
|  16|0x00000000a1000000, 0x00000000a1100000, 0x00000000a1100000|100%| O|  |TAMS 0x00000000a1100000, 0x00000000a1000000| Untracked 
|  17|0x00000000a1100000, 0x00000000a1200000, 0x00000000a1200000|100%| O|  |TAMS 0x00000000a1200000, 0x00000000a1100000| Untracked 
|  18|0x00000000a1200000, 0x00000000a1300000, 0x00000000a1300000|100%| O|  |TAMS 0x00000000a1300000, 0x00000000a1200000| Untracked 
|  19|0x00000000a1300000, 0x00000000a1400000, 0x00000000a1400000|100%| O|  |TAMS 0x00000000a1400000, 0x00000000a1300000| Untracked 
|  20|0x00000000a1400000, 0x00000000a1500000, 0x00000000a1500000|100%| O|  |TAMS 0x00000000a1500000, 0x00000000a1400000| Untracked 
|  21|0x00000000a1500000, 0x00000000a1600000, 0x00000000a1600000|100%| O|  |TAMS 0x00000000a1600000, 0x00000000a1500000| Untracked 
|  22|0x00000000a1600000, 0x00000000a1700000, 0x00000000a1700000|100%| O|  |TAMS 0x00000000a1700000, 0x00000000a1600000| Untracked 
|  23|0x00000000a1700000, 0x00000000a1800000, 0x00000000a1800000|100%| O|  |TAMS 0x00000000a1800000, 0x00000000a1700000| Untracked 
|  24|0x00000000a1800000, 0x00000000a1900000, 0x00000000a1900000|100%| O|  |TAMS 0x00000000a1900000, 0x00000000a1800000| Untracked 
|  25|0x00000000a1900000, 0x00000000a1a00000, 0x00000000a1a00000|100%| O|  |TAMS 0x00000000a1a00000, 0x00000000a1900000| Untracked 
|  26|0x00000000a1a00000, 0x00000000a1b00000, 0x00000000a1b00000|100%|HS|  |TAMS 0x00000000a1b00000, 0x00000000a1a00000| Complete 
|  27|0x00000000a1b00000, 0x00000000a1c00000, 0x00000000a1c00000|100%|HS|  |TAMS 0x00000000a1c00000, 0x00000000a1b00000| Complete 
|  28|0x00000000a1c00000, 0x00000000a1d00000, 0x00000000a1d00000|100%|HS|  |TAMS 0x00000000a1d00000, 0x00000000a1c00000| Complete 
|  29|0x00000000a1d00000, 0x00000000a1e00000, 0x00000000a1e00000|100%|HS|  |TAMS 0x00000000a1e00000, 0x00000000a1d00000| Complete 
|  30|0x00000000a1e00000, 0x00000000a1f00000, 0x00000000a1f00000|100%|HC|  |TAMS 0x00000000a1f00000, 0x00000000a1e00000| Complete 
|  31|0x00000000a1f00000, 0x00000000a2000000, 0x00000000a2000000|100%|HC|  |TAMS 0x00000000a2000000, 0x00000000a1f00000| Complete 
|  32|0x00000000a2000000, 0x00000000a2100000, 0x00000000a2100000|100%|HS|  |TAMS 0x00000000a2100000, 0x00000000a2000000| Complete 
|  33|0x00000000a2100000, 0x00000000a2200000, 0x00000000a2200000|100%|HC|  |TAMS 0x00000000a2200000, 0x00000000a2100000| Complete 
|  34|0x00000000a2200000, 0x00000000a2300000, 0x00000000a2300000|100%| O|  |TAMS 0x00000000a2300000, 0x00000000a2200000| Untracked 
|  35|0x00000000a2300000, 0x00000000a2400000, 0x00000000a2400000|100%| O|  |TAMS 0x00000000a2400000, 0x00000000a2300000| Untracked 
|  36|0x00000000a2400000, 0x00000000a2500000, 0x00000000a2500000|100%| O|  |TAMS 0x00000000a2500000, 0x00000000a2400000| Untracked 
|  37|0x00000000a2500000, 0x00000000a2600000, 0x00000000a2600000|100%| O|  |TAMS 0x00000000a2600000, 0x00000000a2500000| Untracked 
|  38|0x00000000a2600000, 0x00000000a2700000, 0x00000000a2700000|100%| O|  |TAMS 0x00000000a2700000, 0x00000000a2600000| Untracked 
|  39|0x00000000a2700000, 0x00000000a2800000, 0x00000000a2800000|100%| O|  |TAMS 0x00000000a2800000, 0x00000000a2700000| Untracked 
|  40|0x00000000a2800000, 0x00000000a2900000, 0x00000000a2900000|100%| O|  |TAMS 0x00000000a2900000, 0x00000000a2800000| Untracked 
|  41|0x00000000a2900000, 0x00000000a2a00000, 0x00000000a2a00000|100%| O|  |TAMS 0x00000000a2a00000, 0x00000000a2900000| Untracked 
|  42|0x00000000a2a00000, 0x00000000a2b00000, 0x00000000a2b00000|100%| O|  |TAMS 0x00000000a2b00000, 0x00000000a2a00000| Untracked 
|  43|0x00000000a2b00000, 0x00000000a2c00000, 0x00000000a2c00000|100%| O|  |TAMS 0x00000000a2c00000, 0x00000000a2b00000| Untracked 
|  44|0x00000000a2c00000, 0x00000000a2d00000, 0x00000000a2d00000|100%| O|  |TAMS 0x00000000a2d00000, 0x00000000a2c00000| Untracked 
|  45|0x00000000a2d00000, 0x00000000a2e00000, 0x00000000a2e00000|100%| O|  |TAMS 0x00000000a2e00000, 0x00000000a2d00000| Untracked 
|  46|0x00000000a2e00000, 0x00000000a2f00000, 0x00000000a2f00000|100%| O|  |TAMS 0x00000000a2f00000, 0x00000000a2e00000| Untracked 
|  47|0x00000000a2f00000, 0x00000000a3000000, 0x00000000a3000000|100%|HS|  |TAMS 0x00000000a3000000, 0x00000000a2f00000| Complete 
|  48|0x00000000a3000000, 0x00000000a3100000, 0x00000000a3100000|100%| O|  |TAMS 0x00000000a3100000, 0x00000000a3000000| Untracked 
|  49|0x00000000a3100000, 0x00000000a3200000, 0x00000000a3200000|100%| O|  |TAMS 0x00000000a3200000, 0x00000000a3100000| Untracked 
|  50|0x00000000a3200000, 0x00000000a3300000, 0x00000000a3300000|100%| O|  |TAMS 0x00000000a3300000, 0x00000000a3200000| Untracked 
|  51|0x00000000a3300000, 0x00000000a3400000, 0x00000000a3400000|100%| O|  |TAMS 0x00000000a3400000, 0x00000000a3300000| Untracked 
|  52|0x00000000a3400000, 0x00000000a3500000, 0x00000000a3500000|100%| O|  |TAMS 0x00000000a3500000, 0x00000000a3400000| Untracked 
|  53|0x00000000a3500000, 0x00000000a3600000, 0x00000000a3600000|100%|HS|  |TAMS 0x00000000a3600000, 0x00000000a3500000| Complete 
|  54|0x00000000a3600000, 0x00000000a3700000, 0x00000000a3700000|100%|HC|  |TAMS 0x00000000a3700000, 0x00000000a3600000| Complete 
|  55|0x00000000a3700000, 0x00000000a3800000, 0x00000000a3800000|100%| O|  |TAMS 0x00000000a3800000, 0x00000000a3700000| Untracked 
|  56|0x00000000a3800000, 0x00000000a3900000, 0x00000000a3900000|100%| O|  |TAMS 0x00000000a3900000, 0x00000000a3800000| Untracked 
|  57|0x00000000a3900000, 0x00000000a3a00000, 0x00000000a3a00000|100%| O|  |TAMS 0x00000000a3a00000, 0x00000000a3900000| Untracked 
|  58|0x00000000a3a00000, 0x00000000a3b00000, 0x00000000a3b00000|100%| O|  |TAMS 0x00000000a3b00000, 0x00000000a3a00000| Untracked 
|  59|0x00000000a3b00000, 0x00000000a3c00000, 0x00000000a3c00000|100%| O|  |TAMS 0x00000000a3c00000, 0x00000000a3b00000| Untracked 
|  60|0x00000000a3c00000, 0x00000000a3d00000, 0x00000000a3d00000|100%| O|  |TAMS 0x00000000a3d00000, 0x00000000a3c00000| Untracked 
|  61|0x00000000a3d00000, 0x00000000a3e00000, 0x00000000a3e00000|100%| O|  |TAMS 0x00000000a3e00000, 0x00000000a3d00000| Untracked 
|  62|0x00000000a3e00000, 0x00000000a3f00000, 0x00000000a3f00000|100%| O|  |TAMS 0x00000000a3f00000, 0x00000000a3e00000| Untracked 
|  63|0x00000000a3f00000, 0x00000000a4000000, 0x00000000a4000000|100%| O|  |TAMS 0x00000000a4000000, 0x00000000a3f00000| Untracked 
|  64|0x00000000a4000000, 0x00000000a4100000, 0x00000000a4100000|100%| O|  |TAMS 0x00000000a4100000, 0x00000000a4000000| Untracked 
|  65|0x00000000a4100000, 0x00000000a4200000, 0x00000000a4200000|100%| O|  |TAMS 0x00000000a4200000, 0x00000000a4100000| Untracked 
|  66|0x00000000a4200000, 0x00000000a4300000, 0x00000000a4300000|100%| O|  |TAMS 0x00000000a4300000, 0x00000000a4200000| Untracked 
|  67|0x00000000a4300000, 0x00000000a4400000, 0x00000000a4400000|100%| O|  |TAMS 0x00000000a4400000, 0x00000000a4300000| Untracked 
|  68|0x00000000a4400000, 0x00000000a4500000, 0x00000000a4500000|100%| O|  |TAMS 0x00000000a4500000, 0x00000000a4400000| Untracked 
|  69|0x00000000a4500000, 0x00000000a4600000, 0x00000000a4600000|100%| O|  |TAMS 0x00000000a4600000, 0x00000000a4500000| Untracked 
|  70|0x00000000a4600000, 0x00000000a4700000, 0x00000000a4700000|100%| O|  |TAMS 0x00000000a4700000, 0x00000000a4600000| Untracked 
|  71|0x00000000a4700000, 0x00000000a4800000, 0x00000000a4800000|100%| O|  |TAMS 0x00000000a4800000, 0x00000000a4700000| Untracked 
|  72|0x00000000a4800000, 0x00000000a4900000, 0x00000000a4900000|100%| O|  |TAMS 0x00000000a4900000, 0x00000000a4800000| Untracked 
|  73|0x00000000a4900000, 0x00000000a4a00000, 0x00000000a4a00000|100%| O|  |TAMS 0x00000000a4a00000, 0x00000000a4900000| Untracked 
|  74|0x00000000a4a00000, 0x00000000a4b00000, 0x00000000a4b00000|100%| O|  |TAMS 0x00000000a4b00000, 0x00000000a4a00000| Untracked 
|  75|0x00000000a4b00000, 0x00000000a4c00000, 0x00000000a4c00000|100%| O|  |TAMS 0x00000000a4c00000, 0x00000000a4b00000| Untracked 
|  76|0x00000000a4c00000, 0x00000000a4d00000, 0x00000000a4d00000|100%| O|  |TAMS 0x00000000a4d00000, 0x00000000a4c00000| Untracked 
|  77|0x00000000a4d00000, 0x00000000a4e00000, 0x00000000a4e00000|100%| O|  |TAMS 0x00000000a4e00000, 0x00000000a4d00000| Untracked 
|  78|0x00000000a4e00000, 0x00000000a4f00000, 0x00000000a4f00000|100%| O|  |TAMS 0x00000000a4f00000, 0x00000000a4e00000| Untracked 
|  79|0x00000000a4f00000, 0x00000000a5000000, 0x00000000a5000000|100%| O|  |TAMS 0x00000000a5000000, 0x00000000a4f00000| Untracked 
|  80|0x00000000a5000000, 0x00000000a5100000, 0x00000000a5100000|100%| O|  |TAMS 0x00000000a5100000, 0x00000000a5000000| Untracked 
|  81|0x00000000a5100000, 0x00000000a5200000, 0x00000000a5200000|100%| O|  |TAMS 0x00000000a5200000, 0x00000000a5100000| Untracked 
|  82|0x00000000a5200000, 0x00000000a5300000, 0x00000000a5300000|100%| O|  |TAMS 0x00000000a5300000, 0x00000000a5200000| Untracked 
|  83|0x00000000a5300000, 0x00000000a5400000, 0x00000000a5400000|100%| O|  |TAMS 0x00000000a5400000, 0x00000000a5300000| Untracked 
|  84|0x00000000a5400000, 0x00000000a5500000, 0x00000000a5500000|100%| O|  |TAMS 0x00000000a5500000, 0x00000000a5400000| Untracked 
|  85|0x00000000a5500000, 0x00000000a5600000, 0x00000000a5600000|100%| O|  |TAMS 0x00000000a5600000, 0x00000000a5500000| Untracked 
|  86|0x00000000a5600000, 0x00000000a5700000, 0x00000000a5700000|100%| O|  |TAMS 0x00000000a5700000, 0x00000000a5600000| Untracked 
|  87|0x00000000a5700000, 0x00000000a5800000, 0x00000000a5800000|100%| O|  |TAMS 0x00000000a5710600, 0x00000000a5700000| Untracked 
|  88|0x00000000a5800000, 0x00000000a58dda00, 0x00000000a5900000| 86%| O|  |TAMS 0x00000000a5800000, 0x00000000a5800000| Untracked 
|  89|0x00000000a5900000, 0x00000000a5900000, 0x00000000a5a00000|  0%| F|  |TAMS 0x00000000a5900000, 0x00000000a5900000| Untracked 
|  90|0x00000000a5a00000, 0x00000000a5a00000, 0x00000000a5b00000|  0%| F|  |TAMS 0x00000000a5a00000, 0x00000000a5a00000| Untracked 
|  91|0x00000000a5b00000, 0x00000000a5b00000, 0x00000000a5c00000|  0%| F|  |TAMS 0x00000000a5b00000, 0x00000000a5b00000| Untracked 
|  92|0x00000000a5c00000, 0x00000000a5c00000, 0x00000000a5d00000|  0%| F|  |TAMS 0x00000000a5c00000, 0x00000000a5c00000| Untracked 
|  93|0x00000000a5d00000, 0x00000000a5d00000, 0x00000000a5e00000|  0%| F|  |TAMS 0x00000000a5d00000, 0x00000000a5d00000| Untracked 
|  94|0x00000000a5e00000, 0x00000000a5e00000, 0x00000000a5f00000|  0%| F|  |TAMS 0x00000000a5e00000, 0x00000000a5e00000| Untracked 
|  95|0x00000000a5f00000, 0x00000000a5f00000, 0x00000000a6000000|  0%| F|  |TAMS 0x00000000a5f00000, 0x00000000a5f00000| Untracked 
|  96|0x00000000a6000000, 0x00000000a6000000, 0x00000000a6100000|  0%| F|  |TAMS 0x00000000a6000000, 0x00000000a6000000| Untracked 
|  97|0x00000000a6100000, 0x00000000a6100000, 0x00000000a6200000|  0%| F|  |TAMS 0x00000000a6100000, 0x00000000a6100000| Untracked 
|  98|0x00000000a6200000, 0x00000000a6200000, 0x00000000a6300000|  0%| F|  |TAMS 0x00000000a6200000, 0x00000000a6200000| Untracked 
|  99|0x00000000a6300000, 0x00000000a6300000, 0x00000000a6400000|  0%| F|  |TAMS 0x00000000a6300000, 0x00000000a6300000| Untracked 
| 100|0x00000000a6400000, 0x00000000a6400000, 0x00000000a6500000|  0%| F|  |TAMS 0x00000000a6400000, 0x00000000a6400000| Untracked 
| 101|0x00000000a6500000, 0x00000000a6500000, 0x00000000a6600000|  0%| F|  |TAMS 0x00000000a6500000, 0x00000000a6500000| Untracked 
| 102|0x00000000a6600000, 0x00000000a6600000, 0x00000000a6700000|  0%| F|  |TAMS 0x00000000a6600000, 0x00000000a6600000| Untracked 
| 103|0x00000000a6700000, 0x00000000a6700000, 0x00000000a6800000|  0%| F|  |TAMS 0x00000000a6700000, 0x00000000a6700000| Untracked 
| 104|0x00000000a6800000, 0x00000000a6800000, 0x00000000a6900000|  0%| F|  |TAMS 0x00000000a6800000, 0x00000000a6800000| Untracked 
| 105|0x00000000a6900000, 0x00000000a6900000, 0x00000000a6a00000|  0%| F|  |TAMS 0x00000000a6900000, 0x00000000a6900000| Untracked 
| 106|0x00000000a6a00000, 0x00000000a6a181e0, 0x00000000a6b00000|  9%| S|CS|TAMS 0x00000000a6a00000, 0x00000000a6a00000| Complete 
| 107|0x00000000a6b00000, 0x00000000a6c00000, 0x00000000a6c00000|100%| S|CS|TAMS 0x00000000a6b00000, 0x00000000a6b00000| Complete 
| 108|0x00000000a6c00000, 0x00000000a6c00000, 0x00000000a6d00000|  0%| F|  |TAMS 0x00000000a6c00000, 0x00000000a6c00000| Untracked 
| 109|0x00000000a6d00000, 0x00000000a6d00000, 0x00000000a6e00000|  0%| F|  |TAMS 0x00000000a6d00000, 0x00000000a6d00000| Untracked 
| 110|0x00000000a6e00000, 0x00000000a6e00000, 0x00000000a6f00000|  0%| F|  |TAMS 0x00000000a6e00000, 0x00000000a6e00000| Untracked 
| 111|0x00000000a6f00000, 0x00000000a6f00000, 0x00000000a7000000|  0%| F|  |TAMS 0x00000000a6f00000, 0x00000000a6f00000| Untracked 
| 112|0x00000000a7000000, 0x00000000a7000000, 0x00000000a7100000|  0%| F|  |TAMS 0x00000000a7000000, 0x00000000a7000000| Untracked 
| 113|0x00000000a7100000, 0x00000000a7100000, 0x00000000a7200000|  0%| F|  |TAMS 0x00000000a7100000, 0x00000000a7100000| Untracked 
| 114|0x00000000a7200000, 0x00000000a72de9d0, 0x00000000a7300000| 86%| E|  |TAMS 0x00000000a7200000, 0x00000000a7200000| Complete 
| 115|0x00000000a7300000, 0x00000000a7400000, 0x00000000a7400000|100%| E|CS|TAMS 0x00000000a7300000, 0x00000000a7300000| Complete 
| 116|0x00000000a7400000, 0x00000000a7500000, 0x00000000a7500000|100%| E|  |TAMS 0x00000000a7400000, 0x00000000a7400000| Complete 
| 117|0x00000000a7500000, 0x00000000a7600000, 0x00000000a7600000|100%| E|CS|TAMS 0x00000000a7500000, 0x00000000a7500000| Complete 
| 118|0x00000000a7600000, 0x00000000a7700000, 0x00000000a7700000|100%| E|CS|TAMS 0x00000000a7600000, 0x00000000a7600000| Complete 
| 119|0x00000000a7700000, 0x00000000a7800000, 0x00000000a7800000|100%| E|CS|TAMS 0x00000000a7700000, 0x00000000a7700000| Complete 
| 120|0x00000000a7800000, 0x00000000a7900000, 0x00000000a7900000|100%| E|CS|TAMS 0x00000000a7800000, 0x00000000a7800000| Complete 
| 121|0x00000000a7900000, 0x00000000a7a00000, 0x00000000a7a00000|100%| E|CS|TAMS 0x00000000a7900000, 0x00000000a7900000| Complete 
| 122|0x00000000a7a00000, 0x00000000a7b00000, 0x00000000a7b00000|100%| E|CS|TAMS 0x00000000a7a00000, 0x00000000a7a00000| Complete 
| 123|0x00000000a7b00000, 0x00000000a7c00000, 0x00000000a7c00000|100%| E|CS|TAMS 0x00000000a7b00000, 0x00000000a7b00000| Complete 
| 124|0x00000000a7c00000, 0x00000000a7d00000, 0x00000000a7d00000|100%| E|CS|TAMS 0x00000000a7c00000, 0x00000000a7c00000| Complete 
| 125|0x00000000a7d00000, 0x00000000a7e00000, 0x00000000a7e00000|100%| E|CS|TAMS 0x00000000a7d00000, 0x00000000a7d00000| Complete 

Card table byte_map: [0x000002a475300000,0x000002a475600000] _byte_map_base: 0x000002a474e00000

Marking Bits (Prev, Next): (CMBitMap*) 0x000002a4602fa660, (CMBitMap*) 0x000002a4602fa628
 Prev Bits: [0x000002a477100000, 0x000002a478900000)
 Next Bits: [0x000002a475900000, 0x000002a477100000)

Polling page: 0x000002a4603a0000

Metaspace:

Usage:
  Non-class:     74.78 MB capacity,    73.11 MB ( 98%) used,     1.44 MB (  2%) free+waste,   236.00 KB ( <1%) overhead. 
      Class:     11.95 MB capacity,    11.05 MB ( 92%) used,   809.77 KB (  7%) free+waste,   110.00 KB ( <1%) overhead. 
       Both:     86.73 MB capacity,    84.16 MB ( 97%) used,     2.23 MB (  3%) free+waste,   346.00 KB ( <1%) overhead. 

Virtual space:
  Non-class space:       76.00 MB reserved,      75.00 MB ( 99%) committed 
      Class space:        1.00 GB reserved,      12.00 MB (  1%) committed 
             Both:        1.07 GB reserved,      87.00 MB (  8%) committed 

Chunk freelists:
   Non-Class:  34.00 KB
       Class:  0 bytes
        Both:  34.00 KB

MaxMetaspaceSize: 17179869184.00 GB
CompressedClassSpaceSize: 1.00 GB

CodeHeap 'non-profiled nmethods': size=120000Kb used=6733Kb max_used=6733Kb free=113266Kb
 bounds [0x000002a46d070000, 0x000002a46d710000, 0x000002a4745a0000]
CodeHeap 'profiled nmethods': size=120000Kb used=22302Kb max_used=22302Kb free=97697Kb
 bounds [0x000002a465b40000, 0x000002a467110000, 0x000002a46d070000]
CodeHeap 'non-nmethods': size=5760Kb used=2277Kb max_used=2328Kb free=3482Kb
 bounds [0x000002a4655a0000, 0x000002a465810000, 0x000002a465b40000]
 total_blobs=10939 nmethods=10061 adapters=789
 compilation: enabled
              stopped_count=0, restarted_count=0
 full_count=0

Compilation events (20 events):
Event: 174.497 Thread 0x000002a47bd3f800 10259       3       org.gradle.launcher.daemon.server.DefaultDaemonConnection::logEvent (16 bytes)
Event: 174.498 Thread 0x000002a47bd3f800 nmethod 10259 0x000002a467102790 code [0x000002a467102960, 0x000002a467102c68]
Event: 174.498 Thread 0x000002a47bd3f800 10260       3       org.gradle.launcher.daemon.protocol.OutputMessage::<init> (10 bytes)
Event: 174.498 Thread 0x000002a47bd3f800 nmethod 10260 0x000002a467102e10 code [0x000002a467102fc0, 0x000002a4671031d8]
Event: 174.498 Thread 0x000002a47bd3f800 10267       3       org.gradle.internal.logging.sink.ProgressLogEventGenerator::doOutput (52 bytes)
Event: 174.499 Thread 0x000002a47bd3f800 nmethod 10267 0x000002a467103310 code [0x000002a467103540, 0x000002a467103bf8]
Event: 174.499 Thread 0x000002a47bd3f800 10264       3       org.gradle.internal.logging.events.StyledTextOutputEvent::withBuildOperationId (6 bytes)
Event: 174.500 Thread 0x000002a47bd3f800 nmethod 10264 0x000002a467103e10 code [0x000002a467104020, 0x000002a4671047a8]
Event: 174.500 Thread 0x000002a47bd3f800 10265       3       org.gradle.internal.logging.events.StyledTextOutputEvent::withBuildOperationId (25 bytes)
Event: 174.507 Thread 0x000002a47bd3f800 nmethod 10265 0x000002a467104a10 code [0x000002a467104c00, 0x000002a467105328]
Event: 174.508 Thread 0x000002a47bd3f800 10262       3       org.gradle.launcher.daemon.protocol.DaemonMessageSerializer$OutputMessageSerializer::write (10 bytes)
Event: 174.509 Thread 0x000002a47bd3f800 nmethod 10262 0x000002a467105590 code [0x000002a467105760, 0x000002a467105a88]
Event: 174.509 Thread 0x000002a47bd3f800 10263       3       org.gradle.launcher.daemon.protocol.DaemonMessageSerializer$OutputMessageSerializer::write (15 bytes)
Event: 174.510 Thread 0x000002a47bd3f800 nmethod 10263 0x000002a467105c10 code [0x000002a467105de0, 0x000002a467105fc8]
Event: 174.514 Thread 0x000002a47bd3f800 10268   !   3       sun.nio.ch.SocketChannelImpl::endWrite (49 bytes)
Event: 174.515 Thread 0x000002a47bd3f800 nmethod 10268 0x000002a467106110 code [0x000002a4671062e0, 0x000002a467106698]
Event: 174.630 Thread 0x000002a47bd3f800 10271 %     3       java.io.OutputStream::write @ 11 (34 bytes)
Event: 174.632 Thread 0x000002a47bd3f800 nmethod 10271% 0x000002a467106810 code [0x000002a467106a00, 0x000002a467106f18]
Event: 174.633 Thread 0x000002a47bd3f800 10272       3       java.io.OutputStream::write (34 bytes)
Event: 174.634 Thread 0x000002a47bd3f800 nmethod 10272 0x000002a467107190 code [0x000002a467107380, 0x000002a4671077d8]

GC Heap History (20 events):
Event: 114.434 GC heap before
{Heap before GC invocations=19 (full 0):
 garbage-first heap   total 129024K, used 104290K [0x00000000a0000000, 0x0000000100000000)
  region size 1024K, 39 young (39936K), 5 survivors (5120K)
 Metaspace       used 71361K, capacity 73309K, committed 73344K, reserved 1112064K
  class space    used 9182K, capacity 9836K, committed 9856K, reserved 1048576K
}
Event: 114.465 GC heap after
{Heap after GC invocations=20 (full 0):
 garbage-first heap   total 129024K, used 71706K [0x00000000a0000000, 0x0000000100000000)
  region size 1024K, 3 young (3072K), 3 survivors (3072K)
 Metaspace       used 71361K, capacity 73309K, committed 73344K, reserved 1112064K
  class space    used 9182K, capacity 9836K, committed 9856K, reserved 1048576K
}
Event: 116.000 GC heap before
{Heap before GC invocations=21 (full 0):
 garbage-first heap   total 129024K, used 105498K [0x00000000a0000000, 0x0000000100000000)
  region size 1024K, 36 young (36864K), 3 survivors (3072K)
 Metaspace       used 72853K, capacity 74786K, committed 74880K, reserved 1114112K
  class space    used 9411K, capacity 10093K, committed 10112K, reserved 1048576K
}
Event: 116.014 GC heap after
{Heap after GC invocations=22 (full 0):
 garbage-first heap   total 129024K, used 74752K [0x00000000a0000000, 0x0000000100000000)
  region size 1024K, 5 young (5120K), 5 survivors (5120K)
 Metaspace       used 72853K, capacity 74786K, committed 74880K, reserved 1114112K
  class space    used 9411K, capacity 10093K, committed 10112K, reserved 1048576K
}
Event: 118.248 GC heap before
{Heap before GC invocations=22 (full 0):
 garbage-first heap   total 129024K, used 106496K [0x00000000a0000000, 0x0000000100000000)
  region size 1024K, 36 young (36864K), 5 survivors (5120K)
 Metaspace       used 74093K, capacity 76084K, committed 76160K, reserved 1116160K
  class space    used 9601K, capacity 10368K, committed 10368K, reserved 1048576K
}
Event: 118.284 GC heap after
{Heap after GC invocations=23 (full 0):
 garbage-first heap   total 129024K, used 77691K [0x00000000a0000000, 0x0000000100000000)
  region size 1024K, 3 young (3072K), 3 survivors (3072K)
 Metaspace       used 74093K, capacity 76084K, committed 76160K, reserved 1116160K
  class space    used 9601K, capacity 10368K, committed 10368K, reserved 1048576K
}
Event: 125.223 GC heap before
{Heap before GC invocations=24 (full 0):
 garbage-first heap   total 129024K, used 107387K [0x00000000a0000000, 0x0000000100000000)
  region size 1024K, 32 young (32768K), 3 survivors (3072K)
 Metaspace       used 75896K, capacity 78100K, committed 78336K, reserved 1116160K
  class space    used 9885K, capacity 10711K, committed 10752K, reserved 1048576K
}
Event: 125.252 GC heap after
{Heap after GC invocations=25 (full 0):
 garbage-first heap   total 129024K, used 81278K [0x00000000a0000000, 0x0000000100000000)
  region size 1024K, 4 young (4096K), 4 survivors (4096K)
 Metaspace       used 75896K, capacity 78100K, committed 78336K, reserved 1116160K
  class space    used 9885K, capacity 10711K, committed 10752K, reserved 1048576K
}
Event: 128.937 GC heap before
{Heap before GC invocations=25 (full 0):
 garbage-first heap   total 129024K, used 106878K [0x00000000a0000000, 0x0000000100000000)
  region size 1024K, 30 young (30720K), 4 survivors (4096K)
 Metaspace       used 77915K, capacity 80210K, committed 80384K, reserved 1118208K
  class space    used 10152K, capacity 11002K, committed 11008K, reserved 1048576K
}
Event: 128.985 GC heap after
{Heap after GC invocations=26 (full 0):
 garbage-first heap   total 129024K, used 83610K [0x00000000a0000000, 0x0000000100000000)
  region size 1024K, 3 young (3072K), 3 survivors (3072K)
 Metaspace       used 77915K, capacity 80210K, committed 80384K, reserved 1118208K
  class space    used 10152K, capacity 11002K, committed 11008K, reserved 1048576K
}
Event: 131.606 GC heap before
{Heap before GC invocations=27 (full 0):
 garbage-first heap   total 129024K, used 108186K [0x00000000a0000000, 0x0000000100000000)
  region size 1024K, 27 young (27648K), 3 survivors (3072K)
 Metaspace       used 80237K, capacity 82553K, committed 82816K, reserved 1120256K
  class space    used 10516K, capacity 11332K, committed 11392K, reserved 1048576K
}
Event: 131.620 GC heap after
{Heap after GC invocations=28 (full 0):
 garbage-first heap   total 129024K, used 84401K [0x00000000a0000000, 0x0000000100000000)
  region size 1024K, 3 young (3072K), 3 survivors (3072K)
 Metaspace       used 80237K, capacity 82553K, committed 82816K, reserved 1120256K
  class space    used 10516K, capacity 11332K, committed 11392K, reserved 1048576K
}
Event: 135.787 GC heap before
{Heap before GC invocations=28 (full 0):
 garbage-first heap   total 129024K, used 108977K [0x00000000a0000000, 0x0000000100000000)
  region size 1024K, 27 young (27648K), 3 survivors (3072K)
 Metaspace       used 82958K, capacity 85323K, committed 85504K, reserved 1122304K
  class space    used 10825K, capacity 11684K, committed 11776K, reserved 1048576K
}
Event: 135.813 GC heap after
{Heap after GC invocations=29 (full 0):
 garbage-first heap   total 129024K, used 86540K [0x00000000a0000000, 0x0000000100000000)
  region size 1024K, 4 young (4096K), 4 survivors (4096K)
 Metaspace       used 82958K, capacity 85323K, committed 85504K, reserved 1122304K
  class space    used 10825K, capacity 11684K, committed 11776K, reserved 1048576K
}
Event: 138.451 GC heap before
{Heap before GC invocations=30 (full 0):
 garbage-first heap   total 129024K, used 109068K [0x00000000a0000000, 0x0000000100000000)
  region size 1024K, 26 young (26624K), 4 survivors (4096K)
 Metaspace       used 84124K, capacity 86573K, committed 86656K, reserved 1124352K
  class space    used 10984K, capacity 11899K, committed 11904K, reserved 1048576K
}
Event: 138.484 GC heap after
{Heap after GC invocations=31 (full 0):
 garbage-first heap   total 129024K, used 89152K [0x00000000a0000000, 0x0000000100000000)
  region size 1024K, 3 young (3072K), 3 survivors (3072K)
 Metaspace       used 84124K, capacity 86573K, committed 86656K, reserved 1124352K
  class space    used 10984K, capacity 11899K, committed 11904K, reserved 1048576K
}
Event: 142.005 GC heap before
{Heap before GC invocations=31 (full 0):
 garbage-first heap   total 129024K, used 108608K [0x00000000a0000000, 0x0000000100000000)
  region size 1024K, 23 young (23552K), 3 survivors (3072K)
 Metaspace       used 85256K, capacity 87713K, committed 87936K, reserved 1124352K
  class space    used 11172K, capacity 12063K, committed 12160K, reserved 1048576K
}
Event: 142.049 GC heap after
{Heap after GC invocations=32 (full 0):
 garbage-first heap   total 129024K, used 91170K [0x00000000a0000000, 0x0000000100000000)
  region size 1024K, 2 young (2048K), 2 survivors (2048K)
 Metaspace       used 85256K, capacity 87713K, committed 87936K, reserved 1124352K
  class space    used 11172K, capacity 12063K, committed 12160K, reserved 1048576K
}
Event: 149.262 GC heap before
{Heap before GC invocations=33 (full 0):
 garbage-first heap   total 129024K, used 109602K [0x00000000a0000000, 0x0000000100000000)
  region size 1024K, 20 young (20480K), 2 survivors (2048K)
 Metaspace       used 85525K, capacity 88025K, committed 88192K, reserved 1126400K
  class space    used 11212K, capacity 12120K, committed 12160K, reserved 1048576K
}
Event: 149.285 GC heap after
{Heap after GC invocations=34 (full 0):
 garbage-first heap   total 129024K, used 92118K [0x00000000a0000000, 0x0000000100000000)
  region size 1024K, 2 young (2048K), 2 survivors (2048K)
 Metaspace       used 85525K, capacity 88025K, committed 88192K, reserved 1126400K
  class space    used 11212K, capacity 12120K, committed 12160K, reserved 1048576K
}

Deoptimization events (20 events):
Event: 173.987 Thread 0x000002a403e1d800 DEOPT PACKING pc=0x000002a46d59cfa4 sp=0x000000fe3befe6d0
Event: 173.989 Thread 0x000002a403e1d800 DEOPT UNPACKING pc=0x000002a4655c78af sp=0x000000fe3befe678 mode 2
Event: 174.036 Thread 0x000002a403e1d800 Uncommon trap: trap_request=0xffffffc6 fr.pc=0x000002a46d59cfa4 relative=0x0000000000000324
Event: 174.036 Thread 0x000002a403e1d800 Uncommon trap: reason=bimorphic_or_optimized_type_check action=maybe_recompile pc=0x000002a46d59cfa4 method=org.gradle.internal.logging.sink.OutputEventRenderer.onOutput(Lorg/gradle/internal/logging/events/OutputEvent;)V @ 1 c2
Event: 174.036 Thread 0x000002a403e1d800 DEOPT PACKING pc=0x000002a46d59cfa4 sp=0x000000fe3befe6d0
Event: 174.043 Thread 0x000002a403e1d800 DEOPT UNPACKING pc=0x000002a4655c78af sp=0x000000fe3befe678 mode 2
Event: 174.045 Thread 0x000002a403e1d800 Uncommon trap: trap_request=0xffffffc6 fr.pc=0x000002a46d59cfa4 relative=0x0000000000000324
Event: 174.045 Thread 0x000002a403e1d800 Uncommon trap: reason=bimorphic_or_optimized_type_check action=maybe_recompile pc=0x000002a46d59cfa4 method=org.gradle.internal.logging.sink.OutputEventRenderer.onOutput(Lorg/gradle/internal/logging/events/OutputEvent;)V @ 1 c2
Event: 174.045 Thread 0x000002a403e1d800 DEOPT PACKING pc=0x000002a46d59cfa4 sp=0x000000fe3befe6d0
Event: 174.045 Thread 0x000002a403e1d800 DEOPT UNPACKING pc=0x000002a4655c78af sp=0x000000fe3befe678 mode 2
Event: 174.045 Thread 0x000002a403e1d800 Uncommon trap: trap_request=0xffffffc6 fr.pc=0x000002a46d59cfa4 relative=0x0000000000000324
Event: 174.045 Thread 0x000002a403e1d800 Uncommon trap: reason=bimorphic_or_optimized_type_check action=maybe_recompile pc=0x000002a46d59cfa4 method=org.gradle.internal.logging.sink.OutputEventRenderer.onOutput(Lorg/gradle/internal/logging/events/OutputEvent;)V @ 1 c2
Event: 174.045 Thread 0x000002a403e1d800 DEOPT PACKING pc=0x000002a46d59cfa4 sp=0x000000fe3befe6d0
Event: 174.045 Thread 0x000002a403e1d800 DEOPT UNPACKING pc=0x000002a4655c78af sp=0x000000fe3befe678 mode 2
Event: 174.049 Thread 0x000002a403e1d800 Uncommon trap: trap_request=0xffffff4d fr.pc=0x000002a46d6f73e0 relative=0x00000000000003e0
Event: 174.049 Thread 0x000002a403e1d800 Uncommon trap: reason=unstable_if action=reinterpret pc=0x000002a46d6f73e0 method=org.gradle.internal.logging.text.AbstractLineChoppingStyledTextOutput$2.execute(Lorg/gradle/internal/logging/text/AbstractLineChoppingStyledTextOutput$StateContext;)V @ 30 c
Event: 174.049 Thread 0x000002a403e1d800 DEOPT PACKING pc=0x000002a46d6f73e0 sp=0x000000fe3befdbe0
Event: 174.049 Thread 0x000002a403e1d800 DEOPT UNPACKING pc=0x000002a4655c78af sp=0x000000fe3befda78 mode 2
Event: 174.277 Thread 0x000002a403e1d800 DEOPT PACKING pc=0x000002a466f62fc7 sp=0x000000fe3befe4c0
Event: 174.278 Thread 0x000002a403e1d800 DEOPT UNPACKING pc=0x000002a4655c76ce sp=0x000000fe3befda20 mode 0

Classes redefined (0 events):
No events

Internal exceptions (20 events):
Event: 150.181 Thread 0x000002a47c805000 Exception <a 'java/lang/ClassNotFoundException'{0x00000000a7983e08}: org/gradle/process/internal/DefaultExecActionBeanInfo> (0x00000000a7983e08) thrown at [./src/hotspot/share/classfile/systemDictionary.cpp, line 231]
Event: 150.187 Thread 0x000002a47c805000 Exception <a 'java/lang/ClassNotFoundException'{0x00000000a79bc4b0}: org/gradle/process/internal/DefaultExecHandleBuilderBeanInfo> (0x00000000a79bc4b0) thrown at [./src/hotspot/share/classfile/systemDictionary.cpp, line 231]
Event: 150.191 Thread 0x000002a47c805000 Exception <a 'java/lang/ClassNotFoundException'{0x00000000a79f4d60}: org/gradle/process/internal/AbstractExecHandleBuilderBeanInfo> (0x00000000a79f4d60) thrown at [./src/hotspot/share/classfile/systemDictionary.cpp, line 231]
Event: 150.196 Thread 0x000002a47c805000 Exception <a 'java/lang/ClassNotFoundException'{0x00000000a782da80}: org/gradle/process/internal/DefaultProcessForkOptionsBeanInfo> (0x00000000a782da80) thrown at [./src/hotspot/share/classfile/systemDictionary.cpp, line 231]
Event: 150.199 Thread 0x000002a47c805000 Exception <a 'java/lang/ClassNotFoundException'{0x00000000a7866b30}: org/gradle/process/internal/DefaultProcessForkOptionsCustomizer> (0x00000000a7866b30) thrown at [./src/hotspot/share/classfile/systemDictionary.cpp, line 231]
Event: 150.213 Thread 0x000002a47c805000 Exception <a 'java/lang/ClassNotFoundException'{0x00000000a78abd48}: org/gradle/process/internal/AbstractExecHandleBuilderCustomizer> (0x00000000a78abd48) thrown at [./src/hotspot/share/classfile/systemDictionary.cpp, line 231]
Event: 150.217 Thread 0x000002a47c805000 Exception <a 'java/lang/ClassNotFoundException'{0x00000000a78f6500}: org/gradle/process/internal/DefaultExecHandleBuilderCustomizer> (0x00000000a78f6500) thrown at [./src/hotspot/share/classfile/systemDictionary.cpp, line 231]
Event: 150.223 Thread 0x000002a47c805000 Exception <a 'java/lang/ClassNotFoundException'{0x00000000a7758580}: org/gradle/process/internal/DefaultExecActionCustomizer> (0x00000000a7758580) thrown at [./src/hotspot/share/classfile/systemDictionary.cpp, line 231]
Event: 150.264 Thread 0x000002a47c805000 Exception <a 'java/lang/ClassNotFoundException'{0x00000000a779a280}: org/gradle/process/internal/DefaultExecAction_DecoratedCustomizer> (0x00000000a779a280) thrown at [./src/hotspot/share/classfile/systemDictionary.cpp, line 231]
Event: 150.280 Thread 0x000002a47c805000 Exception <a 'java/lang/ClassNotFoundException'{0x00000000a77f96a0}: org/gradle/api/logging/LogLevelBeanInfo> (0x00000000a77f96a0) thrown at [./src/hotspot/share/classfile/systemDictionary.cpp, line 231]
Event: 150.283 Thread 0x000002a47c805000 Exception <a 'java/lang/ClassNotFoundException'{0x00000000a7628ec8}: org/gradle/api/logging/LogLevelCustomizer> (0x00000000a7628ec8) thrown at [./src/hotspot/share/classfile/systemDictionary.cpp, line 231]
Event: 150.305 Thread 0x000002a47c805000 Exception <a 'java/lang/ClassNotFoundException'{0x00000000a76a9130}: org/gradle/internal/logging/services/DefaultLoggingManagerBeanInfo> (0x00000000a76a9130) thrown at [./src/hotspot/share/classfile/systemDictionary.cpp, line 231]
Event: 150.312 Thread 0x000002a47c805000 Exception <a 'java/lang/ClassNotFoundException'{0x00000000a76e26f0}: org/gradle/internal/logging/services/DefaultLoggingManagerCustomizer> (0x00000000a76e26f0) thrown at [./src/hotspot/share/classfile/systemDictionary.cpp, line 231]
Event: 150.361 Thread 0x000002a47c805000 Exception <a 'java/lang/ClassNotFoundException'{0x00000000a7520a10}: java/lang/BooleanBeanInfo> (0x00000000a7520a10) thrown at [./src/hotspot/share/classfile/systemDictionary.cpp, line 231]
Event: 150.364 Thread 0x000002a47c805000 Exception <a 'java/lang/ClassNotFoundException'{0x00000000a752d480}: java/lang/BooleanCustomizer> (0x00000000a752d480) thrown at [./src/hotspot/share/classfile/systemDictionary.cpp, line 231]
Event: 150.731 Thread 0x000002a4000fb800 Exception <a 'java/lang/NoSuchMethodError'{0x00000000a75e1cd8}: 'void java.lang.invoke.DirectMethodHandle$Holder.invokeStatic(java.lang.Object, long)'> (0x00000000a75e1cd8) thrown at [./src/hotspot/share/interpreter/linkResolver.cpp, line 773]
Event: 150.734 Thread 0x000002a4000fb800 Exception <a 'java/lang/NoSuchMethodError'{0x00000000a75e6ef0}: 'java.lang.Object java.lang.invoke.DirectMethodHandle$Holder.invokeStatic(java.lang.Object, long)'> (0x00000000a75e6ef0) thrown at [./src/hotspot/share/interpreter/linkResolver.cpp, line 773]
Event: 150.792 Thread 0x000002a4000fb800 Exception <a 'java/lang/NoSuchMethodError'{0x00000000a75f5408}: 'java.lang.Object java.lang.invoke.DirectMethodHandle$Holder.invokeStaticInit(java.lang.Object, java.lang.Object, long, java.lang.Object)'> (0x00000000a75f5408) thrown at [./src/hotspot/share/interpreter/linkResolver.cpp, line 773]
Event: 150.794 Thread 0x000002a4000fb800 Exception <a 'java/lang/NoSuchMethodError'{0x00000000a75fb650}: 'java.lang.Object java.lang.invoke.DirectMethodHandle$Holder.invokeStatic(java.lang.Object, java.lang.Object, long)'> (0x00000000a75fb650) thrown at [./src/hotspot/share/interpreter/linkResolver.cpp, line 773]
Event: 150.797 Thread 0x000002a4000fb800 Exception <a 'java/lang/NoSuchMethodError'{0x00000000a7401ed0}: 'java.lang.Object java.lang.invoke.Invokers$Holder.linkToTargetMethod(java.lang.Object, long, java.lang.Object)'> (0x00000000a7401ed0) thrown at [./src/hotspot/share/interpreter/linkResolver.cpp, line 773]

Events (20 events):
Event: 157.299 loading class org/gradle/internal/snapshot/SnapshotHierarchy$NodeDiffListener done
Event: 157.300 loading class org/gradle/internal/snapshot/SnapshotHierarchy
Event: 157.300 loading class org/gradle/internal/snapshot/SnapshotHierarchy done
Event: 157.300 loading class org/gradle/internal/snapshot/SnapshotHierarchy
Event: 157.300 loading class org/gradle/internal/snapshot/SnapshotHierarchy done
Event: 157.302 loading class org/gradle/internal/watch/vfs/impl/WatchingVirtualFileSystem$VfsChangeLoggingNodeDiffListener
Event: 157.302 loading class org/gradle/internal/watch/vfs/impl/WatchingVirtualFileSystem$VfsChangeLoggingNodeDiffListener done
Event: 157.303 Executing VM operation: Deoptimize
Event: 157.307 Executing VM operation: Deoptimize done
Event: 157.634 Executing VM operation: RevokeBias
Event: 157.634 Executing VM operation: RevokeBias done
Event: 157.678 Thread 0x000002a47c875800 Thread exited: 0x000002a47c875800
Event: 158.131 Executing VM operation: RevokeBias
Event: 158.132 Executing VM operation: RevokeBias done
Event: 158.132 Executing VM operation: RevokeBias
Event: 158.133 Executing VM operation: RevokeBias done
Event: 173.647 loading class org/gradle/internal/logging/events/StyledTextOutputEvent$Span
Event: 173.647 loading class org/gradle/internal/logging/events/StyledTextOutputEvent$Span done
Event: 173.932 loading class org/gradle/internal/logging/events/operations/StyledTextBuildOperationProgressDetails$Span
Event: 173.932 loading class org/gradle/internal/logging/events/operations/StyledTextBuildOperationProgressDetails$Span done


Dynamic libraries:
0x00007ff731a30000 - 0x00007ff731a3a000 	C:\Program Files\Android\Android Studio1\jre\bin\java.exe
0x00007ffe416c0000 - 0x00007ffe418c9000 	C:\WINDOWS\SYSTEM32\ntdll.dll
0x00007ffe40440000 - 0x00007ffe404fd000 	C:\WINDOWS\System32\KERNEL32.DLL
0x00007ffe3ee40000 - 0x00007ffe3f1bd000 	C:\WINDOWS\System32\KERNELBASE.dll
0x00007ffe3f290000 - 0x00007ffe3f3a1000 	C:\WINDOWS\System32\ucrtbase.dll
0x00007ffe383b0000 - 0x00007ffe383c9000 	C:\Program Files\Android\Android Studio1\jre\bin\jli.dll
0x00007ffe40570000 - 0x00007ffe4071d000 	C:\WINDOWS\System32\USER32.dll
0x00007ffe3f1c0000 - 0x00007ffe3f1e6000 	C:\WINDOWS\System32\win32u.dll
0x00007ffe40410000 - 0x00007ffe40439000 	C:\WINDOWS\System32\GDI32.dll
0x00007ffe3f3b0000 - 0x00007ffe3f4c8000 	C:\WINDOWS\System32\gdi32full.dll
0x00007ffe3f1f0000 - 0x00007ffe3f28d000 	C:\WINDOWS\System32\msvcp_win.dll
0x00007ffe34e90000 - 0x00007ffe34ea7000 	C:\Program Files\Android\Android Studio1\jre\bin\VCRUNTIME140.dll
0x00007ffe1b550000 - 0x00007ffe1b7f5000 	C:\WINDOWS\WinSxS\amd64_microsoft.windows.common-controls_6595b64144ccf1df_6.0.22000.120_none_9d947278b86cc467\COMCTL32.dll
0x00007ffe40090000 - 0x00007ffe40133000 	C:\WINDOWS\System32\msvcrt.dll
0x00007ffe403d0000 - 0x00007ffe40401000 	C:\WINDOWS\System32\IMM32.DLL
0x00007ffdc5030000 - 0x00007ffdc50cd000 	C:\Program Files\Android\Android Studio1\jre\bin\msvcp140.dll
0x00007ffdb0e20000 - 0x00007ffdb18ef000 	C:\Program Files\Android\Android Studio1\jre\bin\server\jvm.dll
0x00007ffe407b0000 - 0x00007ffe4085e000 	C:\WINDOWS\System32\ADVAPI32.dll
0x00007ffe40a40000 - 0x00007ffe40ade000 	C:\WINDOWS\System32\sechost.dll
0x00007ffe3f550000 - 0x00007ffe3f670000 	C:\WINDOWS\System32\RPCRT4.dll
0x00007ffe40860000 - 0x00007ffe40868000 	C:\WINDOWS\System32\PSAPI.DLL
0x00007ffe348b0000 - 0x00007ffe348e3000 	C:\WINDOWS\SYSTEM32\WINMM.dll
0x00007ffe25620000 - 0x00007ffe25629000 	C:\WINDOWS\SYSTEM32\WSOCK32.dll
0x00007ffe40140000 - 0x00007ffe401af000 	C:\WINDOWS\System32\WS2_32.dll
0x00007ffe33820000 - 0x00007ffe3382a000 	C:\WINDOWS\SYSTEM32\VERSION.dll
0x00007ffe3dca0000 - 0x00007ffe3dcb8000 	C:\WINDOWS\SYSTEM32\kernel.appcore.dll
0x00007ffe298f0000 - 0x00007ffe29901000 	C:\Program Files\Android\Android Studio1\jre\bin\verify.dll
0x00007ffe38d00000 - 0x00007ffe38f21000 	C:\WINDOWS\SYSTEM32\DBGHELP.DLL
0x00007ffe23da0000 - 0x00007ffe23dd1000 	C:\WINDOWS\SYSTEM32\dbgcore.DLL
0x00007ffe3f4d0000 - 0x00007ffe3f54f000 	C:\WINDOWS\System32\bcryptPrimitives.dll
0x00007ffe298c0000 - 0x00007ffe298e9000 	C:\Program Files\Android\Android Studio1\jre\bin\java.dll
0x00007ffe2aed0000 - 0x00007ffe2aedb000 	C:\Program Files\Android\Android Studio1\jre\bin\jimage.dll
0x00007ffe13a20000 - 0x00007ffe13a38000 	C:\Program Files\Android\Android Studio1\jre\bin\zip.dll
0x00007ffe3f670000 - 0x00007ffe3fe28000 	C:\WINDOWS\System32\SHELL32.dll
0x00007ffe3cd10000 - 0x00007ffe3d578000 	C:\WINDOWS\SYSTEM32\windows.storage.dll
0x00007ffe41130000 - 0x00007ffe414a9000 	C:\WINDOWS\System32\combase.dll
0x00007ffe3cba0000 - 0x00007ffe3cd06000 	C:\WINDOWS\SYSTEM32\wintypes.dll
0x00007ffe40870000 - 0x00007ffe4095a000 	C:\WINDOWS\System32\SHCORE.dll
0x00007ffe40ae0000 - 0x00007ffe40b3d000 	C:\WINDOWS\System32\shlwapi.dll
0x00007ffe3ead0000 - 0x00007ffe3eaf1000 	C:\WINDOWS\SYSTEM32\profapi.dll
0x00007ffe13a00000 - 0x00007ffe13a1a000 	C:\Program Files\Android\Android Studio1\jre\bin\net.dll
0x00007ffe334a0000 - 0x00007ffe335ac000 	C:\WINDOWS\SYSTEM32\WINHTTP.dll
0x00007ffe3e0d0000 - 0x00007ffe3e137000 	C:\WINDOWS\system32\mswsock.dll
0x00007ffdf4580000 - 0x00007ffdf4594000 	C:\Program Files\Android\Android Studio1\jre\bin\nio.dll
0x00007ffdefb50000 - 0x00007ffdefb77000 	C:\Users\Lenovo\.gradle\native\8bec1ad78214c89d9ad589b4d07fe93259594b29d510b10fafb7a158f7737e5d\windows-amd64\native-platform.dll
0x00007ffdb9a10000 - 0x00007ffdb9b4d000 	C:\Users\Lenovo\.gradle\native\53dbd7edfb1c66fb8903c78663c9afc45aea4f116125fa6feffd364cf09443e8\windows-amd64\native-platform-file-events.dll
0x00007ffe2a040000 - 0x00007ffe2a04a000 	C:\Program Files\Android\Android Studio1\jre\bin\management.dll
0x00007ffe12c50000 - 0x00007ffe12c5c000 	C:\Program Files\Android\Android Studio1\jre\bin\management_ext.dll
0x00007ffe3e310000 - 0x00007ffe3e328000 	C:\WINDOWS\SYSTEM32\CRYPTSP.dll
0x00007ffe3dc00000 - 0x00007ffe3dc35000 	C:\WINDOWS\system32\rsaenh.dll
0x00007ffe3e1c0000 - 0x00007ffe3e1e9000 	C:\WINDOWS\SYSTEM32\USERENV.dll
0x00007ffe3e490000 - 0x00007ffe3e4b7000 	C:\WINDOWS\SYSTEM32\bcrypt.dll
0x00007ffe3e330000 - 0x00007ffe3e33c000 	C:\WINDOWS\SYSTEM32\CRYPTBASE.dll
0x00007ffe3d7c0000 - 0x00007ffe3d7ed000 	C:\WINDOWS\SYSTEM32\IPHLPAPI.DLL
0x00007ffe414b0000 - 0x00007ffe414b9000 	C:\WINDOWS\System32\NSI.dll
0x00007ffe33690000 - 0x00007ffe336a9000 	C:\WINDOWS\SYSTEM32\dhcpcsvc6.DLL
0x00007ffe33b50000 - 0x00007ffe33b6e000 	C:\WINDOWS\SYSTEM32\dhcpcsvc.DLL
0x00007ffe3d7f0000 - 0x00007ffe3d8d8000 	C:\WINDOWS\SYSTEM32\DNSAPI.dll

dbghelp: loaded successfully - version: 4.0.5 - missing functions: none
symbol engine: initialized successfully - sym options: 0x614 - pdb path: .;C:\Program Files\Android\Android Studio1\jre\bin;C:\WINDOWS\SYSTEM32;C:\WINDOWS\WinSxS\amd64_microsoft.windows.common-controls_6595b64144ccf1df_6.0.22000.120_none_9d947278b86cc467;C:\Program Files\Android\Android Studio1\jre\bin\server;C:\Users\Lenovo\.gradle\native\8bec1ad78214c89d9ad589b4d07fe93259594b29d510b10fafb7a158f7737e5d\windows-amd64;C:\Users\Lenovo\.gradle\native\53dbd7edfb1c66fb8903c78663c9afc45aea4f116125fa6feffd364cf09443e8\windows-amd64

VM Arguments:
jvm_args: --add-opens=java.base/java.util=ALL-UNNAMED --add-opens=java.base/java.lang=ALL-UNNAMED --add-opens=java.base/java.lang.invoke=ALL-UNNAMED --add-opens=java.base/java.util=ALL-UNNAMED --add-opens=java.prefs/java.util.prefs=ALL-UNNAMED --add-opens=java.prefs/java.util.prefs=ALL-UNNAMED --add-opens=java.base/java.nio.charset=ALL-UNNAMED --add-opens=java.base/java.net=ALL-UNNAMED --add-opens=java.base/java.util.concurrent.atomic=ALL-UNNAMED -Xmx1536M -Dfile.encoding=windows-1252 -Duser.country=US -Duser.language=en -Duser.variant 
java_command: org.gradle.launcher.daemon.bootstrap.GradleDaemon 7.0.2
java_class_path (initial): C:\Users\Lenovo\.gradle\wrapper\dists\gradle-7.0.2-all\7era6s5ay7zsbhuvl0oc9g94s\gradle-7.0.2\lib\gradle-launcher-7.0.2.jar
Launcher Type: SUN_STANDARD

[Global flags]
     intx CICompilerCount                          = 4                                         {product} {ergonomic}
     uint ConcGCThreads                            = 2                                         {product} {ergonomic}
     uint G1ConcRefinementThreads                  = 8                                         {product} {ergonomic}
   size_t G1HeapRegionSize                         = 1048576                                   {product} {ergonomic}
    uintx GCDrainStackTargetSize                   = 64                                        {product} {ergonomic}
   size_t InitialHeapSize                          = 132120576                                 {product} {ergonomic}
   size_t MarkStackSize                            = 4194304                                   {product} {ergonomic}
   size_t MaxHeapSize                              = 1610612736                                {product} {command line}
   size_t MaxNewSize                               = 965738496                                 {product} {ergonomic}
   size_t MinHeapDeltaBytes                        = 1048576                                   {product} {ergonomic}
    uintx NonNMethodCodeHeapSize                   = 5836300                                {pd product} {ergonomic}
    uintx NonProfiledCodeHeapSize                  = 122910970                              {pd product} {ergonomic}
    uintx ProfiledCodeHeapSize                     = 122910970                              {pd product} {ergonomic}
    uintx ReservedCodeCacheSize                    = 251658240                              {pd product} {ergonomic}
     bool SegmentedCodeCache                       = true                                      {product} {ergonomic}
     bool UseCompressedClassPointers               = true                                 {lp64_product} {ergonomic}
     bool UseCompressedOops                        = true                                 {lp64_product} {ergonomic}
     bool UseG1GC                                  = true                                      {product} {ergonomic}
     bool UseLargePagesIndividualAllocation        = false                                  {pd product} {ergonomic}

Logging:
Log output configuration:
 #0: stdout all=warning uptime,level,tags
 #1: stderr all=off uptime,level,tags

Environment Variables:
JAVA_HOME=C:\Program Files\Android\Android Studio1\jre
CLASSPATH=C:\Users\Lenovo\Desktop\Resume\assessment_matchX-main\android\\gradle\wrapper\gradle-wrapper.jar
PATH=C:\Program Files\Common Files\Oracle\Java\javapath;C:\WINDOWS\system32;C:\WINDOWS;C:\WINDOWS\System32\Wbem;C:\WINDOWS\System32\WindowsPowerShell\v1.0\;C:\WINDOWS\System32\OpenSSH\;C:\Program Files\nodejs\;C:\Program Files\Java\jdk-11.0.10\bin;C:\2022\Appium\platform-tools;C:\2022\Appium\tools;C:\2022\Appium\tools\bin;C:\Users\Lenovo\OneDrive\Documents\Automation Book\apache-maven-3.6.3\bin;C:\Program Files\Git\cmd;C:\Users\Lenovo\OneDrive\Documents\Automation Book\gradle-6.8.3\bin;C:\Users\Public\Documents\2022\Driver;C:\Users\Lenovo\scoop\shims;C:\Users\Lenovo\AppData\Local\Microsoft\WindowsApps;C:\Users\Lenovo\AppData\Roaming\npm;C:\Users\Lenovo\AppData\Local\Microsoft\WindowsApps;C:\Users\Lenovo\AppData\Local\Programs\Microsoft VS Code\bin;C:\flutter\bin;C:\dartsdk-windows-x64-release\dart-sdk\bin;;C:\flutter\bin\mingit\cmd
USERNAME=Lenovo
OS=Windows_NT
PROCESSOR_IDENTIFIER=Intel64 Family 6 Model 142 Stepping 12, GenuineIntel



---------------  S Y S T E M  ---------------

OS: Windows 10 , 64 bit Build 22000 (10.0.22000.708)
OS uptime: 0 days 22:44 hours

CPU:total 8 (initial active 8) (4 cores per cpu, 2 threads per core) family 6 model 142 stepping 12 microcode 0xde, cmov, cx8, fxsr, mmx, sse, sse2, sse3, ssse3, sse4.1, sse4.2, popcnt, avx, avx2, aes, clmul, erms, 3dnowpref, lzcnt, ht, tsc, tscinvbit, bmi1, bmi2, adx, fma

Memory: 4k page, system-wide physical 7965M (27M free)
TotalPageFile size 32541M (AvailPageFile size 6M)
current process WorkingSet (physical memory assigned to process): 59M, peak: 258M
current process commit charge ("private bytes"): 402M, peak: 415M

vm_info: OpenJDK 64-Bit Server VM (11.0.10+0-b96-7249189) for windows-amd64 JRE (11.0.10+0-b96-7249189), built on Mar 31 2021 21:44:00 by "builder" with MS VC++ 14.0 (VS2015)

END.
